#
# There is insufficient memory for the Java Runtime Environment to continue.
# Native memory allocation (mmap) failed to map 1048576 bytes. Error detail: G1 virtual space
# Possible reasons:
#   The system is out of physical RAM or swap space
#   This process is running with CompressedOops enabled, and the Java Heap may be blocking the growth of the native heap
# Possible solutions:
#   Reduce memory load on the system
#   Increase physical memory or swap space
#   Check if swap backing store is full
#   Decrease Java heap size (-Xmx/-Xms)
#   Decrease number of Java threads
#   Decrease Java thread stack sizes (-Xss)
#   Set larger code cache with -XX:ReservedCodeCacheSize=
#   JVM is running with Unscaled Compressed Oops mode in which the Java heap is
#     placed in the first 4GB address space. The Java Heap base address is the
#     maximum limit for the native heap growth. Please use -XX:HeapBaseMinAddress
#     to set the Java Heap base and to place the Java Heap above 4GB virtual address.
# This output file may be truncated or incomplete.
#
#  Out of Memory Error (os_windows.cpp:3707), pid=2192, tid=19136
#
# JRE version: Java(TM) SE Runtime Environment (23.0.2+7) (build 23.0.2+7-58)
# Java VM: Java HotSpot(TM) 64-Bit Server VM (23.0.2+7-58, mixed mode, sharing, tiered, compressed oops, compressed class ptrs, g1 gc, windows-amd64)
# No core dump will be written. Minidumps are not enabled by default on client versions of Windows
#

---------------  S U M M A R Y ------------

Command Line: -XX:+ShowCodeDetailsInExceptionMessages game2048.Main

Host: Intel(R) Celeron(R) N4500 @ 1.10GHz, 2 cores, 3G,  Windows 11 , 64 bit Build 26100 (10.0.26100.7019)
Time: Wed Dec  3 15:21:30 2025 Malay Peninsula Standard Time elapsed time: 3.916430 seconds (0d 0h 0m 3s)

---------------  T H R E A D  ---------------

Current thread (0x000002a3d063e3e0):  JavaThread "Image Fetcher 0" daemon [_thread_in_vm, id=19136, stack(0x000000ea0c500000,0x000000ea0c600000) (1024K)]

Stack: [0x000000ea0c500000,0x000000ea0c600000]
Native frames: (J=compiled Java code, j=interpreted, Vv=VM code, C=native code)
V  [jvm.dll+0x6e0b99]  (no source info available)
V  [jvm.dll+0x87e2b3]  (no source info available)
V  [jvm.dll+0x88073e]  (no source info available)
V  [jvm.dll+0x880e13]  (no source info available)
V  [jvm.dll+0x27b006]  (no source info available)
V  [jvm.dll+0x6dd485]  (no source info available)
V  [jvm.dll+0x6d127a]  (no source info available)
V  [jvm.dll+0x35b50a]  (no source info available)
V  [jvm.dll+0x363916]  (no source info available)
V  [jvm.dll+0x34fb7b]  (no source info available)
V  [jvm.dll+0x350204]  (no source info available)
V  [jvm.dll+0x34fd89]  (no source info available)
V  [jvm.dll+0x32902e]  (no source info available)
V  [jvm.dll+0x3273df]  (no source info available)
V  [jvm.dll+0x66ea7b]  (no source info available)
V  [jvm.dll+0x23a3f2]  (no source info available)
V  [jvm.dll+0x8410a7]  (no source info available)
V  [jvm.dll+0x3d44cc]  (no source info available)
C  0x000002a38754ae11  (no source info available)

The last pc belongs to newarray (printed below).
Java frames: (J=compiled Java code, j=interpreted, Vv=VM code)
j  java.awt.image.DataBufferInt.<init>(I)V+11 java.desktop@23.0.2
j  java.awt.image.Raster.createPackedRaster(III[ILjava/awt/Point;)Ljava/awt/image/WritableRaster;+69 java.desktop@23.0.2
j  java.awt.image.DirectColorModel.createCompatibleWritableRaster(II)Ljava/awt/image/WritableRaster;+83 java.desktop@23.0.2
j  sun.awt.image.ImageRepresentation.createBufferedImage()V+18 java.desktop@23.0.2
j  sun.awt.image.ImageRepresentation.setPixels(IIIILjava/awt/image/ColorModel;[III)V+47 java.desktop@23.0.2
j  sun.awt.image.ImageDecoder.setPixels(IIIILjava/awt/image/ColorModel;[III)I+44 java.desktop@23.0.2
j  sun.awt.image.PNGImageDecoder.sendPixels(IIII[III)Z+16 java.desktop@23.0.2
j  sun.awt.image.PNGImageDecoder.produceImage()V+1728 java.desktop@23.0.2
j  sun.awt.image.InputStreamImageSource.doFetch()V+51 java.desktop@23.0.2
j  sun.awt.image.ImageFetcher.fetchloop()V+31 java.desktop@23.0.2
j  sun.awt.image.ImageFetcher.run()V+5 java.desktop@23.0.2
v  ~StubRoutines::call_stub 0x000002a387530fd5
Lock stack of current Java thread (top to bottom):
LockStack[0]: sun.awt.image.ImageRepresentation 
{0x00000000c688e898} - klass: 'sun/awt/image/ImageRepresentation'
 - ---- fields (total size 12 words):
 - public 'watcherList' 'Lsun/awt/image/ImageWatched$Link;' @12  a 'sun/awt/image/ImageWatched$WeakLink'{0x00000000c688e8f8} (0xc688e8f8)
 - 'pData' 'J' @16  0 (0x0000000000000000)
 - 'tag' 'I' @24  0 (0x00000000)
 - 'width' 'I' @28  6000 (0x00001770)
 - 'height' 'I' @32  3375 (0x00000d2f)
 - 'hints' 'I' @36  30 (0x0000001e)
 - 'availinfo' 'I' @40  3 (0x00000003)
 - 'srcLUTtransIndex' 'I' @44  -1 (0xffffffff)
 - 'numSrcLUT' 'I' @48  0 (0x00000000)
 - 'sstride' 'I' @52  0 (0x00000000)
 - private 'numWaiters' 'I' @56  0 (0x00000000)
 - 'forceCMhint' 'Z' @60  false (0x00)
 - 'isDefaultBI' 'Z' @61  false (0x00)
 - 'isSameCM' 'Z' @62  true (0x01)
 - private 'consuming' 'Z' @63  true (0x01)
 - 'src' 'Lsun/awt/image/InputStreamImageSource;' @64  a 'sun/awt/image/FileImageSource'{0x00000000c6889ab8} (0xc6889ab8)
 - 'image' 'Lsun/awt/image/ToolkitImage;' @68  a 'sun/awt/image/ToolkitImage'{0x00000000c6889a88} (0xc6889a88)
 - 'newbits' 'Ljava/awt/Rectangle;' @72  null (0x00000000)
 - 'bimage' 'Ljava/awt/image/BufferedImage;' @76  null (0x00000000)
 - 'biRaster' 'Ljava/awt/image/WritableRaster;' @80  null (0x00000000)
 - protected 'cmodel' 'Ljava/awt/image/ColorModel;' @84  a 'java/awt/image/DirectColorModel'{0x00000000c688e940} (0xc688e940)
 - 'srcModel' 'Ljava/awt/image/ColorModel;' @88  a 'java/awt/image/DirectColorModel'{0x00000000c688e940} (0xc688e940)
 - 'srcLUT' '[I' @92  null (0x00000000)

newarray  188 newarray  [0x000002a38754adc0, 0x000002a38754ae98]  216 bytes
[MachCode]
  0x000002a38754adc0: 8b04 2448 | 83c4 0841 | 0fb6 5501 | e805 0000 | 00e9 a500 | 0000 4c8b | c048 8d44 | 2408 4c89 
  0x000002a38754ade0: 6dc0 498b | cf49 89af | b003 0000 | 4989 87a0 | 0300 0048 | 83ec 2040 | f6c4 0f0f | 8419 0000 
  0x000002a38754ae00: 0048 83ec | 0848 b8a0 | 4439 74fc | 7f00 00ff | d048 83c4 | 08e9 0c00 | 0000 48b8 | a044 3974 
  0x000002a38754ae20: fc7f 0000 | ffd0 4883 | c420 49c7 | 87a0 0300 | 0000 0000 | 0049 c787 | b003 0000 | 0000 0000 
  0x000002a38754ae40: 49c7 87a8 | 0300 0000 | 0000 0049 | 837f 0800 | 0f84 0500 | 0000 e965 | 60fe ff49 | 8b87 f803 
  0x000002a38754ae60: 0000 49c7 | 87f8 0300 | 0000 0000 | 004c 8b6d | c04c 8b75 | c84e 8d74 | f500 c341 | 0fb6 5d02 
  0x000002a38754ae80: 4983 c502 | 49ba d085 | c474 fc7f | 0000 41ff | 24da 660f | 1f44 0000 
[/MachCode]

---------------  P R O C E S S  ---------------

Threads class SMR info:
_java_thread_list=0x000002a3d05ae3f0, length=16, elements={
0x000002a3d012f9d0, 0x000002a3d0130bb0, 0x000002a3d0135620, 0x000002a3d0136ca0,
0x000002a3d0137310, 0x000002a3d0146920, 0x000002a3d014c230, 0x000002a3d014d090,
0x000002a3d03ffe80, 0x000002a3d0411140, 0x000002a3d05caca0, 0x000002a3d05cb310,
0x000002a3d05cb980, 0x000002a3d05dcde0, 0x000002a3ebc3d790, 0x000002a3d063e3e0
}

Java Threads: ( => current thread )
  0x000002a3d012f9d0 JavaThread "Reference Handler"          daemon [_thread_blocked, id=18988, stack(0x000000ea0b700000,0x000000ea0b800000) (1024K)]
  0x000002a3d0130bb0 JavaThread "Finalizer"                  daemon [_thread_blocked, id=16316, stack(0x000000ea0b800000,0x000000ea0b900000) (1024K)]
  0x000002a3d0135620 JavaThread "Signal Dispatcher"          daemon [_thread_blocked, id=18564, stack(0x000000ea0b900000,0x000000ea0ba00000) (1024K)]
  0x000002a3d0136ca0 JavaThread "Attach Listener"            daemon [_thread_blocked, id=1152, stack(0x000000ea0ba00000,0x000000ea0bb00000) (1024K)]
  0x000002a3d0137310 JavaThread "Service Thread"             daemon [_thread_blocked, id=3528, stack(0x000000ea0bb00000,0x000000ea0bc00000) (1024K)]
  0x000002a3d0146920 JavaThread "Monitor Deflation Thread"   daemon [_thread_blocked, id=15712, stack(0x000000ea0bc00000,0x000000ea0bd00000) (1024K)]
  0x000002a3d014c230 JavaThread "C2 CompilerThread0"         daemon [_thread_blocked, id=19984, stack(0x000000ea0bd00000,0x000000ea0be00000) (1024K)]
  0x000002a3d014d090 JavaThread "C1 CompilerThread0"         daemon [_thread_blocked, id=21868, stack(0x000000ea0be00000,0x000000ea0bf00000) (1024K)]
  0x000002a3d03ffe80 JavaThread "Notification Thread"        daemon [_thread_blocked, id=21732, stack(0x000000ea0bf00000,0x000000ea0c000000) (1024K)]
  0x000002a3d0411140 JavaThread "Common-Cleaner"             daemon [_thread_blocked, id=17724, stack(0x000000ea0c000000,0x000000ea0c100000) (1024K)]
  0x000002a3d05caca0 JavaThread "Java2D Disposer"            daemon [_thread_blocked, id=7092, stack(0x000000ea0c100000,0x000000ea0c200000) (1024K)]
  0x000002a3d05cb310 JavaThread "AWT-Shutdown"                      [_thread_blocked, id=15408, stack(0x000000ea0c200000,0x000000ea0c300000) (1024K)]
  0x000002a3d05cb980 JavaThread "AWT-Windows"                daemon [_thread_in_native, id=17936, stack(0x000000ea0c300000,0x000000ea0c400000) (1024K)]
  0x000002a3d05dcde0 JavaThread "AWT-EventQueue-0"                  [_thread_blocked, id=15792, stack(0x000000ea0c400000,0x000000ea0c500000) (1024K)]
  0x000002a3ebc3d790 JavaThread "DestroyJavaVM"                     [_thread_blocked, id=23076, stack(0x000000ea0af00000,0x000000ea0b000000) (1024K)]
=>0x000002a3d063e3e0 JavaThread "Image Fetcher 0"            daemon [_thread_in_vm, id=19136, stack(0x000000ea0c500000,0x000000ea0c600000) (1024K)]
Total: 16

Other Threads:
  0x000002a3ee096fd0 VMThread "VM Thread"                           [id=10260, stack(0x000000ea0b600000,0x000000ea0b700000) (1024K)]
  0x000002a3ee080920 WatcherThread "VM Periodic Task Thread"        [id=15520, stack(0x000000ea0b500000,0x000000ea0b600000) (1024K)]
  0x000002a3ee00d460 WorkerThread "GC Thread#0"                     [id=16468, stack(0x000000ea0b000000,0x000000ea0b100000) (1024K)]
  0x000002a3ee097380 WorkerThread "GC Thread#1"                     [id=9480, stack(0x000000ea0c600000,0x000000ea0c700000) (1024K)]
  0x000002a3ee019d50 ConcurrentGCThread "G1 Main Marker"            [id=23072, stack(0x000000ea0b100000,0x000000ea0b200000) (1024K)]
  0x000002a3ee01b780 WorkerThread "G1 Conc#0"                       [id=12296, stack(0x000000ea0b200000,0x000000ea0b300000) (1024K)]
  0x000002a3ee06da10 ConcurrentGCThread "G1 Refine#0"               [id=19404, stack(0x000000ea0b300000,0x000000ea0b400000) (1024K)]
  0x000002a3ee0701b0 ConcurrentGCThread "G1 Service"                [id=21852, stack(0x000000ea0b400000,0x000000ea0b500000) (1024K)]
Total: 8

Threads with active compile tasks:
Total: 0

VM state: not at safepoint (normal execution)

VM Mutex/Monitor currently owned by a thread:  ([mutex/lock_event])
[0x00007ffc74c34988] Heap_lock - owner thread: 0x000002a3d063e3e0

Heap address: 0x00000000c3000000, size: 976 MB, Compressed Oops mode: 32-bit

CDS archive(s) mapped at: [0x000002a38f000000-0x000002a38fd70000-0x000002a38fd70000), size 14090240, SharedBaseAddress: 0x000002a38f000000, ArchiveRelocationMode: 1.
Compressed class space mapped at: 0x000002a390000000-0x000002a3d0000000, reserved size: 1073741824
Narrow klass base: 0x000002a38f000000, Narrow klass shift: 0, Narrow klass range: 0x41000000

GC Precious Log:
 CardTable entry size: 512
 Card Set container configuration: InlinePtr #cards 5 size 8 Array Of Cards #cards 10 size 36 Howl #buckets 4 coarsen threshold 1843 Howl Bitmap #cards 512 size 80 coarsen threshold 460 Card regions per heap region 1 cards per card region 2048
 CPUs: 2 total, 2 available
 Memory: 3901M
 Large Page Support: Disabled
 NUMA Support: Disabled
 Compressed Oops: Enabled (32-bit)
 Heap Region Size: 1M
 Heap Min Capacity: 8M
 Heap Initial Capacity: 62M
 Heap Max Capacity: 976M
 Pre-touch: Disabled
 Parallel Workers: 2
 Concurrent Workers: 1
 Concurrent Refinement Workers: 2
 Periodic GC: Disabled

Heap:
 garbage-first heap   total reserved 999424K, committed 67584K, used 1456K [0x00000000c3000000, 0x0000000100000000)
  region size 1024K, 1 young (1024K), 1 survivors (1024K)
 Metaspace       used 4412K, committed 4672K, reserved 1114112K
  class space    used 490K, committed 640K, reserved 1048576K

Heap Regions: E=young(eden), S=young(survivor), O=old, HS=humongous(starts), HC=humongous(continues), CS=collection set, F=free, TAMS=top-at-mark-start, PB=parsable bottom
|   0|0x00000000c3000000, 0x00000000c306c010, 0x00000000c3100000| 42%| O|  |TAMS 0x00000000c3000000| PB 0x00000000c3000000| Untracked |  0
|   1|0x00000000c3100000, 0x00000000c3100000, 0x00000000c3200000|  0%| F|  |TAMS 0x00000000c3100000| PB 0x00000000c3100000| Untracked |  0
|   2|0x00000000c3200000, 0x00000000c3200000, 0x00000000c3300000|  0%| F|  |TAMS 0x00000000c3200000| PB 0x00000000c3200000| Untracked |  0
|   3|0x00000000c3300000, 0x00000000c3300000, 0x00000000c3400000|  0%| F|  |TAMS 0x00000000c3300000| PB 0x00000000c3300000| Untracked |  0
|   4|0x00000000c3400000, 0x00000000c3400000, 0x00000000c3500000|  0%| F|  |TAMS 0x00000000c3400000| PB 0x00000000c3400000| Untracked |  0
|   5|0x00000000c3500000, 0x00000000c3500000, 0x00000000c3600000|  0%| F|  |TAMS 0x00000000c3500000| PB 0x00000000c3500000| Untracked |  0
|   6|0x00000000c3600000, 0x00000000c3600000, 0x00000000c3700000|  0%| F|  |TAMS 0x00000000c3600000| PB 0x00000000c3600000| Untracked |  0
|   7|0x00000000c3700000, 0x00000000c3700000, 0x00000000c3800000|  0%| F|  |TAMS 0x00000000c3700000| PB 0x00000000c3700000| Untracked |  0
|   8|0x00000000c3800000, 0x00000000c3800000, 0x00000000c3900000|  0%| F|  |TAMS 0x00000000c3800000| PB 0x00000000c3800000| Untracked |  0
|   9|0x00000000c3900000, 0x00000000c3900000, 0x00000000c3a00000|  0%| F|  |TAMS 0x00000000c3900000| PB 0x00000000c3900000| Untracked |  0
|  10|0x00000000c3a00000, 0x00000000c3a00000, 0x00000000c3b00000|  0%| F|  |TAMS 0x00000000c3a00000| PB 0x00000000c3a00000| Untracked |  0
|  11|0x00000000c3b00000, 0x00000000c3b00000, 0x00000000c3c00000|  0%| F|  |TAMS 0x00000000c3b00000| PB 0x00000000c3b00000| Untracked |  0
|  12|0x00000000c3c00000, 0x00000000c3c00000, 0x00000000c3d00000|  0%| F|  |TAMS 0x00000000c3c00000| PB 0x00000000c3c00000| Untracked |  0
|  13|0x00000000c3d00000, 0x00000000c3d00000, 0x00000000c3e00000|  0%| F|  |TAMS 0x00000000c3d00000| PB 0x00000000c3d00000| Untracked |  0
|  14|0x00000000c3e00000, 0x00000000c3e00000, 0x00000000c3f00000|  0%| F|  |TAMS 0x00000000c3e00000| PB 0x00000000c3e00000| Untracked |  0
|  15|0x00000000c3f00000, 0x00000000c3f00000, 0x00000000c4000000|  0%| F|  |TAMS 0x00000000c3f00000| PB 0x00000000c3f00000| Untracked |  0
|  16|0x00000000c4000000, 0x00000000c4000000, 0x00000000c4100000|  0%| F|  |TAMS 0x00000000c4000000| PB 0x00000000c4000000| Untracked |  0
|  17|0x00000000c4100000, 0x00000000c4100000, 0x00000000c4200000|  0%| F|  |TAMS 0x00000000c4100000| PB 0x00000000c4100000| Untracked |  0
|  18|0x00000000c4200000, 0x00000000c4200000, 0x00000000c4300000|  0%| F|  |TAMS 0x00000000c4200000| PB 0x00000000c4200000| Untracked |  0
|  19|0x00000000c4300000, 0x00000000c4300000, 0x00000000c4400000|  0%| F|  |TAMS 0x00000000c4300000| PB 0x00000000c4300000| Untracked |  0
|  20|0x00000000c4400000, 0x00000000c4400000, 0x00000000c4500000|  0%| F|  |TAMS 0x00000000c4400000| PB 0x00000000c4400000| Untracked |  0
|  21|0x00000000c4500000, 0x00000000c4500000, 0x00000000c4600000|  0%| F|  |TAMS 0x00000000c4500000| PB 0x00000000c4500000| Untracked |  0
|  22|0x00000000c4600000, 0x00000000c4600000, 0x00000000c4700000|  0%| F|  |TAMS 0x00000000c4600000| PB 0x00000000c4600000| Untracked |  0
|  23|0x00000000c4700000, 0x00000000c4700000, 0x00000000c4800000|  0%| F|  |TAMS 0x00000000c4700000| PB 0x00000000c4700000| Untracked |  0
|  24|0x00000000c4800000, 0x00000000c4800000, 0x00000000c4900000|  0%| F|  |TAMS 0x00000000c4800000| PB 0x00000000c4800000| Untracked |  0
|  25|0x00000000c4900000, 0x00000000c4900000, 0x00000000c4a00000|  0%| F|  |TAMS 0x00000000c4900000| PB 0x00000000c4900000| Untracked |  0
|  26|0x00000000c4a00000, 0x00000000c4a00000, 0x00000000c4b00000|  0%| F|  |TAMS 0x00000000c4a00000| PB 0x00000000c4a00000| Untracked |  0
|  27|0x00000000c4b00000, 0x00000000c4b00000, 0x00000000c4c00000|  0%| F|  |TAMS 0x00000000c4b00000| PB 0x00000000c4b00000| Untracked |  0
|  28|0x00000000c4c00000, 0x00000000c4c00000, 0x00000000c4d00000|  0%| F|  |TAMS 0x00000000c4c00000| PB 0x00000000c4c00000| Untracked |  0
|  29|0x00000000c4d00000, 0x00000000c4d00000, 0x00000000c4e00000|  0%| F|  |TAMS 0x00000000c4d00000| PB 0x00000000c4d00000| Untracked |  0
|  30|0x00000000c4e00000, 0x00000000c4e00000, 0x00000000c4f00000|  0%| F|  |TAMS 0x00000000c4e00000| PB 0x00000000c4e00000| Untracked |  0
|  31|0x00000000c4f00000, 0x00000000c4f00000, 0x00000000c5000000|  0%| F|  |TAMS 0x00000000c4f00000| PB 0x00000000c4f00000| Untracked |  0
|  32|0x00000000c5000000, 0x00000000c5000000, 0x00000000c5100000|  0%| F|  |TAMS 0x00000000c5000000| PB 0x00000000c5000000| Untracked |  0
|  33|0x00000000c5100000, 0x00000000c5100000, 0x00000000c5200000|  0%| F|  |TAMS 0x00000000c5100000| PB 0x00000000c5100000| Untracked |  0
|  34|0x00000000c5200000, 0x00000000c5200000, 0x00000000c5300000|  0%| F|  |TAMS 0x00000000c5200000| PB 0x00000000c5200000| Untracked |  0
|  35|0x00000000c5300000, 0x00000000c5300000, 0x00000000c5400000|  0%| F|  |TAMS 0x00000000c5300000| PB 0x00000000c5300000| Untracked |  0
|  36|0x00000000c5400000, 0x00000000c5400000, 0x00000000c5500000|  0%| F|  |TAMS 0x00000000c5400000| PB 0x00000000c5400000| Untracked |  0
|  37|0x00000000c5500000, 0x00000000c5500000, 0x00000000c5600000|  0%| F|  |TAMS 0x00000000c5500000| PB 0x00000000c5500000| Untracked |  0
|  38|0x00000000c5600000, 0x00000000c5600000, 0x00000000c5700000|  0%| F|  |TAMS 0x00000000c5600000| PB 0x00000000c5600000| Untracked |  0
|  39|0x00000000c5700000, 0x00000000c5700000, 0x00000000c5800000|  0%| F|  |TAMS 0x00000000c5700000| PB 0x00000000c5700000| Untracked |  0
|  40|0x00000000c5800000, 0x00000000c5800000, 0x00000000c5900000|  0%| F|  |TAMS 0x00000000c5800000| PB 0x00000000c5800000| Untracked |  0
|  41|0x00000000c5900000, 0x00000000c5900000, 0x00000000c5a00000|  0%| F|  |TAMS 0x00000000c5900000| PB 0x00000000c5900000| Untracked |  0
|  42|0x00000000c5a00000, 0x00000000c5a00000, 0x00000000c5b00000|  0%| F|  |TAMS 0x00000000c5a00000| PB 0x00000000c5a00000| Untracked |  0
|  43|0x00000000c5b00000, 0x00000000c5b00000, 0x00000000c5c00000|  0%| F|  |TAMS 0x00000000c5b00000| PB 0x00000000c5b00000| Untracked |  0
|  44|0x00000000c5c00000, 0x00000000c5c00000, 0x00000000c5d00000|  0%| F|  |TAMS 0x00000000c5c00000| PB 0x00000000c5c00000| Untracked |  0
|  45|0x00000000c5d00000, 0x00000000c5d00000, 0x00000000c5e00000|  0%| F|  |TAMS 0x00000000c5d00000| PB 0x00000000c5d00000| Untracked |  0
|  46|0x00000000c5e00000, 0x00000000c5e00000, 0x00000000c5f00000|  0%| F|  |TAMS 0x00000000c5e00000| PB 0x00000000c5e00000| Untracked |  0
|  47|0x00000000c5f00000, 0x00000000c5f00000, 0x00000000c6000000|  0%| F|  |TAMS 0x00000000c5f00000| PB 0x00000000c5f00000| Untracked |  0
|  48|0x00000000c6000000, 0x00000000c6000000, 0x00000000c6100000|  0%| F|  |TAMS 0x00000000c6000000| PB 0x00000000c6000000| Untracked |  0
|  49|0x00000000c6100000, 0x00000000c6100000, 0x00000000c6200000|  0%| F|  |TAMS 0x00000000c6100000| PB 0x00000000c6100000| Untracked |  0
|  50|0x00000000c6200000, 0x00000000c6200000, 0x00000000c6300000|  0%| F|  |TAMS 0x00000000c6200000| PB 0x00000000c6200000| Untracked |  0
|  51|0x00000000c6300000, 0x00000000c6300000, 0x00000000c6400000|  0%| F|  |TAMS 0x00000000c6300000| PB 0x00000000c6300000| Untracked |  0
|  52|0x00000000c6400000, 0x00000000c6400000, 0x00000000c6500000|  0%| F|  |TAMS 0x00000000c6400000| PB 0x00000000c6400000| Untracked |  0
|  53|0x00000000c6500000, 0x00000000c6500000, 0x00000000c6600000|  0%| F|  |TAMS 0x00000000c6500000| PB 0x00000000c6500000| Untracked |  0
|  54|0x00000000c6600000, 0x00000000c6600000, 0x00000000c6700000|  0%| F|  |TAMS 0x00000000c6600000| PB 0x00000000c6600000| Untracked |  0
|  55|0x00000000c6700000, 0x00000000c6700000, 0x00000000c6800000|  0%| F|  |TAMS 0x00000000c6700000| PB 0x00000000c6700000| Untracked |  0
|  56|0x00000000c6800000, 0x00000000c6900000, 0x00000000c6900000|100%| S|CS|TAMS 0x00000000c6800000| PB 0x00000000c6800000| Complete |  0
|  57|0x00000000c6900000, 0x00000000c6900000, 0x00000000c6a00000|  0%| F|  |TAMS 0x00000000c6900000| PB 0x00000000c6900000| Untracked |  0
|  58|0x00000000c6a00000, 0x00000000c6a00000, 0x00000000c6b00000|  0%| F|  |TAMS 0x00000000c6a00000| PB 0x00000000c6a00000| Untracked |  0
|  59|0x00000000c6b00000, 0x00000000c6b00000, 0x00000000c6c00000|  0%| F|  |TAMS 0x00000000c6b00000| PB 0x00000000c6b00000| Untracked |  0
|  60|0x00000000c6c00000, 0x00000000c6c00000, 0x00000000c6d00000|  0%| F|  |TAMS 0x00000000c6c00000| PB 0x00000000c6c00000| Untracked |  0
|  61|0x00000000c6d00000, 0x00000000c6d00000, 0x00000000c6e00000|  0%| F|  |TAMS 0x00000000c6d00000| PB 0x00000000c6d00000| Untracked |  0
|  62|0x00000000c6e00000, 0x00000000c6e00000, 0x00000000c6f00000|  0%| F|  |TAMS 0x00000000c6e00000| PB 0x00000000c6e00000| Untracked |  0
|  63|0x00000000c6f00000, 0x00000000c6f00000, 0x00000000c7000000|  0%| F|  |TAMS 0x00000000c6f00000| PB 0x00000000c6f00000| Untracked |  0
|  64|0x00000000c7000000, 0x00000000c7000000, 0x00000000c7100000|  0%| F|  |TAMS 0x00000000c7000000| PB 0x00000000c7000000| Untracked |  0
|  65|0x00000000c7100000, 0x00000000c7100000, 0x00000000c7200000|  0%| F|  |TAMS 0x00000000c7100000| PB 0x00000000c7100000| Untracked |  0

Card table byte_map: [0x000002a3edd90000,0x000002a3edf80000] _byte_map_base: 0x000002a3ed778000

Marking Bits: (CMBitMap*) 0x000002a3ee00db70
 Bits: [0x000002a3f6720000, 0x000002a3f7660000)

Polling page: 0x000002a3ebbc0000

Metaspace:

Usage:
  Non-class:      3.83 MB used.
      Class:    490.09 KB used.
       Both:      4.31 MB used.

Virtual space:
  Non-class space:       64.00 MB reserved,       3.94 MB (  6%) committed,  1 nodes.
      Class space:        1.00 GB reserved,     640.00 KB ( <1%) committed,  1 nodes.
             Both:        1.06 GB reserved,       4.56 MB ( <1%) committed. 

Chunk freelists:
   Non-Class:  11.88 MB
       Class:  15.25 MB
        Both:  27.12 MB

MaxMetaspaceSize: unlimited
CompressedClassSpaceSize: 1.00 GB
Initial GC threshold: 21.00 MB
Current GC threshold: 21.00 MB
CDS: on
 - commit_granule_bytes: 65536.
 - commit_granule_words: 8192.
 - virtual_space_node_default_size: 8388608.
 - enlarge_chunks_in_place: 1.
 - use_allocation_guard: 0.


Internal statistics:

num_allocs_failed_limit: 0.
num_arena_births: 120.
num_arena_deaths: 0.
num_vsnodes_births: 2.
num_vsnodes_deaths: 0.
num_space_committed: 73.
num_space_uncommitted: 0.
num_chunks_returned_to_freelist: 0.
num_chunks_taken_from_freelist: 138.
num_chunk_merges: 0.
num_chunk_splits: 90.
num_chunks_enlarged: 43.
num_inconsistent_stats: 0.

CodeHeap 'non-profiled nmethods': size=120128Kb used=148Kb max_used=148Kb free=119979Kb
 bounds [0x000002a387ab0000, 0x000002a387d20000, 0x000002a38f000000]
CodeHeap 'profiled nmethods': size=120000Kb used=594Kb max_used=594Kb free=119405Kb
 bounds [0x000002a380000000, 0x000002a380270000, 0x000002a387530000]
CodeHeap 'non-nmethods': size=5632Kb used=1414Kb max_used=1414Kb free=4217Kb
 bounds [0x000002a387530000, 0x000002a3877a0000, 0x000002a387ab0000]
CodeCache: size=245760Kb, used=2156Kb, max_used=2156Kb, free=243601Kb
 total_blobs=1044, nmethods=527, adapters=424, full_count=0
Compilation: enabled, stopped_count=0, restarted_count=0

Compilation events (20 events):
Event: 0.789 Thread 0x000002a3d014d090  511       1       java.lang.reflect.Field::getName (5 bytes)
Event: 0.789 Thread 0x000002a3d014d090 nmethod 511 0x000002a387ad3808 code [0x000002a387ad3920, 0x000002a387ad39e8]
Event: 0.791 Thread 0x000002a3d014d090  512       3       java.lang.String::startsWith (7 bytes)
Event: 0.792 Thread 0x000002a3d014d090 nmethod 512 0x000002a380091908 code [0x000002a380091a20, 0x000002a380091b60]
Event: 0.797 Thread 0x000002a3d014d090  513       3       java.util.concurrent.ConcurrentHashMap$Traverser::advance (188 bytes)
Event: 0.798 Thread 0x000002a3d014d090 nmethod 513 0x000002a380091c08 code [0x000002a380091dc0, 0x000002a380092878]
Event: 0.800 Thread 0x000002a3d014d090  516       3       jdk.internal.org.objectweb.asm.SymbolTable::addConstantMethodref (24 bytes)
Event: 0.801 Thread 0x000002a3d014d090 nmethod 516 0x000002a380092888 code [0x000002a3800929a0, 0x000002a380092b40]
Event: 0.803 Thread 0x000002a3d014d090  517   !   3       sun.awt.AppContext::get (123 bytes)
Event: 0.803 Thread 0x000002a3d014d090 nmethod 517 0x000002a380092b88 code [0x000002a380092d20, 0x000002a380093830]
Event: 0.804 Thread 0x000002a3d014d090  518       3       jdk.internal.misc.Unsafe::putReferenceRelease (9 bytes)
Event: 0.805 Thread 0x000002a3d014d090 nmethod 518 0x000002a380093888 code [0x000002a3800939a0, 0x000002a380093b00]
Event: 0.805 Thread 0x000002a3d014d090  519       3       java.util.concurrent.ConcurrentHashMap::setTabAt (20 bytes)
Event: 0.805 Thread 0x000002a3d014d090 nmethod 519 0x000002a380093b88 code [0x000002a380093ca0, 0x000002a380093eb8]
Event: 0.812 Thread 0x000002a3d014d090  521       3       java.lang.StringUTF16::compress (47 bytes)
Event: 0.812 Thread 0x000002a3d014d090 nmethod 521 0x000002a380093f08 code [0x000002a380094040, 0x000002a380094288]
Event: 0.826 Thread 0x000002a3d014c230  523       4       jdk.internal.org.objectweb.asm.ByteVector::putShort (52 bytes)
Event: 0.827 Thread 0x000002a3d014c230 nmethod 523 0x000002a387ad4788 code [0x000002a387ad48a0, 0x000002a387ad49f0]
Event: 0.828 Thread 0x000002a3d014d090  525       3       sun.invoke.util.Wrapper::forBasicType (103 bytes)
Event: 0.829 Thread 0x000002a3d014d090 nmethod 525 0x000002a380094308 code [0x000002a3800944a0, 0x000002a380094940]

GC Heap History (2 events):
Event: 0.840 GC heap before
{Heap before GC invocations=0 (full 0):
 garbage-first heap   total reserved 999424K, committed 63488K, used 4096K [0x00000000c3000000, 0x0000000100000000)
  region size 1024K, 5 young (5120K), 0 survivors (0K)
 Metaspace       used 4412K, committed 4672K, reserved 1114112K
  class space    used 490K, committed 640K, reserved 1048576K
}
Event: 0.855 GC heap after
{Heap after GC invocations=1 (full 0):
 garbage-first heap   total reserved 999424K, committed 63488K, used 1456K [0x00000000c3000000, 0x0000000100000000)
  region size 1024K, 1 young (1024K), 1 survivors (1024K)
 Metaspace       used 4412K, committed 4672K, reserved 1114112K
  class space    used 490K, committed 640K, reserved 1048576K
}

Dll operation events (5 events):
Event: 0.032 Loaded shared library C:\Program Files\Java\jdk-23\bin\java.dll
Event: 0.089 Loaded shared library C:\Program Files\Java\jdk-23\bin\jsvml.dll
Event: 0.212 Loaded shared library C:\Program Files\Java\jdk-23\bin\jimage.dll
Event: 0.224 Loaded shared library C:\Program Files\Java\jdk-23\bin\awt.dll
Event: 0.824 Loaded shared library C:\Program Files\Java\jdk-23\bin\zip.dll

Deoptimization events (0 events):
No events

Classes loaded (20 events):
Event: 0.819 Loading class sun/awt/image/PNGImageDecoder
Event: 0.819 Loading class sun/awt/image/ImageDecoder
Event: 0.819 Loading class sun/awt/image/ImageDecoder done
Event: 0.819 Loading class sun/awt/image/PNGImageDecoder done
Event: 0.820 Loading class sun/awt/image/PNGFilterInputStream
Event: 0.821 Loading class sun/awt/image/PNGFilterInputStream done
Event: 0.835 Loading class java/awt/image/Raster
Event: 0.835 Loading class java/awt/image/Raster done
Event: 0.836 Loading class java/awt/image/DataBufferInt
Event: 0.836 Loading class java/awt/image/DataBuffer
Event: 0.837 Loading class java/awt/image/DataBuffer done
Event: 0.837 Loading class java/awt/image/DataBufferInt done
Event: 0.837 Loading class java/awt/image/DataBuffer$1
Event: 0.837 Loading class sun/awt/image/SunWritableRaster$DataStealer
Event: 0.837 Loading class sun/awt/image/SunWritableRaster$DataStealer done
Event: 0.837 Loading class java/awt/image/DataBuffer$1 done
Event: 0.837 Loading class sun/awt/image/SunWritableRaster
Event: 0.838 Loading class java/awt/image/WritableRaster
Event: 0.838 Loading class java/awt/image/WritableRaster done
Event: 0.838 Loading class sun/awt/image/SunWritableRaster done

Classes unloaded (0 events):
No events

Classes redefined (0 events):
No events

Internal exceptions (9 events):
Event: 0.192 Thread 0x000002a3ebc3d790 Exception <a 'java/lang/ClassNotFoundException'{0x00000000c6c23e30}: sun/awt/resources/spi/awtProvider> (0x00000000c6c23e30) 
thrown [s\open\src\hotspot\share\classfile\systemDictionary.cpp, line 313]
Event: 0.258 Thread 0x000002a3ebc3d790 Exception <a 'java/io/FileNotFoundException'{0x00000000c6c7e1d0}> (0x00000000c6c7e1d0) 
thrown [s\open\src\hotspot\share\prims\jni.cpp, line 520]
Event: 0.290 Thread 0x000002a3ebc3d790 Exception <a 'java/io/FileNotFoundException'{0x00000000c6cac758}> (0x00000000c6cac758) 
thrown [s\open\src\hotspot\share\prims\jni.cpp, line 520]
Event: 0.576 Thread 0x000002a3d05dcde0 Exception <a 'java/lang/NoSuchMethodError'{0x00000000c6bcd918}: 'void java.lang.invoke.DirectMethodHandle$Holder.invokeSpecial(java.lang.Object, java.lang.Object, java.lang.Object)'> (0x00000000c6bcd918) 
thrown [s\open\src\hotspot\share\interpreter\linkResolver.cpp, line 796]
Event: 0.626 Thread 0x000002a3d05dcde0 Exception <a 'java/lang/NoSuchMethodError'{0x00000000c6a1d8a0}: 'java.lang.Object java.lang.invoke.DirectMethodHandle$Holder.invokeStatic(java.lang.Object, int, java.lang.Object)'> (0x00000000c6a1d8a0) 
thrown [s\open\src\hotspot\share\interpreter\linkResolver.cpp, line 796]
Event: 0.748 Thread 0x000002a3d05dcde0 Exception <a 'java/lang/ClassNotFoundException'{0x00000000c6ac0c08}: com/sun/swing/internal/plaf/metal/resources/spi/metalProvider> (0x00000000c6ac0c08) 
thrown [s\open\src\hotspot\share\classfile\systemDictionary.cpp, line 313]
Event: 0.750 Thread 0x000002a3d05dcde0 Exception <a 'java/lang/ClassNotFoundException'{0x00000000c6ac4bf8}: com/sun/swing/internal/plaf/basic/resources/spi/basicProvider> (0x00000000c6ac4bf8) 
thrown [s\open\src\hotspot\share\classfile\systemDictionary.cpp, line 313]
Event: 0.800 Thread 0x000002a3d05dcde0 Exception <a 'java/lang/NoSuchMethodError'{0x00000000c6ae4ef0}: 'int java.lang.invoke.Invokers$Holder.invokeExact_MT(java.lang.Object, java.lang.Object)'> (0x00000000c6ae4ef0) 
thrown [s\open\src\hotspot\share\interpreter\linkResolver.cpp, line 796]
Event: 0.828 Thread 0x000002a3d063e3e0 Exception <a 'java/lang/NoSuchMethodError'{0x00000000c690fe48}: 'java.lang.Object java.lang.invoke.DirectMethodHandle$Holder.newInvokeSpecial(java.lang.Object, java.lang.Object, java.lang.Object, int, int, int, int, int)'> (0x00000000c690fe48) 
thrown [s\open\src\hotspot\share\interpreter\linkResolver.cpp, line 796]

VM Operations (4 events):
Event: 0.747 Executing VM operation: HandshakeAllThreads (Deoptimize)
Event: 0.747 Executing VM operation: HandshakeAllThreads (Deoptimize) done
Event: 0.840 Executing VM operation: G1TryInitiateConcMark (G1 Humongous Allocation)
Event: 0.855 Executing VM operation: G1TryInitiateConcMark (G1 Humongous Allocation) done

Memory protections (0 events):
No events

Nmethod flushes (0 events):
No events

Events (18 events):
Event: 0.058 Thread 0x000002a3ebc3d790 Thread added: 0x000002a3ebc3d790
Event: 0.083 Thread 0x000002a3ebc3d790 Thread added: 0x000002a3d012f9d0
Event: 0.083 Thread 0x000002a3ebc3d790 Thread added: 0x000002a3d0130bb0
Event: 0.084 Thread 0x000002a3ebc3d790 Thread added: 0x000002a3d0135620
Event: 0.084 Thread 0x000002a3ebc3d790 Thread added: 0x000002a3d0136ca0
Event: 0.084 Thread 0x000002a3ebc3d790 Thread added: 0x000002a3d0137310
Event: 0.086 Thread 0x000002a3ebc3d790 Thread added: 0x000002a3d0146920
Event: 0.086 Thread 0x000002a3ebc3d790 Thread added: 0x000002a3d014c230
Event: 0.087 Thread 0x000002a3ebc3d790 Thread added: 0x000002a3d014d090
Event: 0.136 Thread 0x000002a3ebc3d790 Thread added: 0x000002a3d03ffe80
Event: 0.144 Thread 0x000002a3ebc3d790 Thread added: 0x000002a3d0411140
Event: 0.386 Thread 0x000002a3ebc3d790 Thread added: 0x000002a3d05caca0
Event: 0.390 Thread 0x000002a3ebc3d790 Thread added: 0x000002a3d05cb310
Event: 0.392 Thread 0x000002a3ebc3d790 Thread added: 0x000002a3d05cb980
Event: 0.440 Thread 0x000002a3ebc3d790 Thread added: 0x000002a3d05dcde0
Event: 0.441 Thread 0x000002a3ebc3d790 Thread exited: 0x000002a3ebc3d790
Event: 0.441 Thread 0x000002a3ebc3d790 Thread added: 0x000002a3ebc3d790
Event: 0.816 Thread 0x000002a3d05dcde0 Thread added: 0x000002a3d063e3e0


Dynamic libraries:
0x00007ff78a000000 - 0x00007ff78a010000 	C:\Program Files\Java\jdk-23\bin\java.exe
0x00007ffd43000000 - 0x00007ffd43268000 	C:\WINDOWS\SYSTEM32\ntdll.dll
0x00007ffd41e80000 - 0x00007ffd41f49000 	C:\WINDOWS\System32\KERNEL32.DLL
0x00007ffd40970000 - 0x00007ffd40d68000 	C:\WINDOWS\System32\KERNELBASE.dll
0x00007ffd40820000 - 0x00007ffd4096b000 	C:\WINDOWS\System32\ucrtbase.dll
0x00007ffd2e7b0000 - 0x00007ffd2e7c7000 	C:\Program Files\Java\jdk-23\bin\jli.dll
0x00007ffd42d90000 - 0x00007ffd42f57000 	C:\WINDOWS\System32\USER32.dll
0x00007ffd40d70000 - 0x00007ffd40d97000 	C:\WINDOWS\System32\win32u.dll
0x00007ffd2e360000 - 0x00007ffd2e37b000 	C:\Program Files\Java\jdk-23\bin\VCRUNTIME140.dll
0x00007ffd415a0000 - 0x00007ffd415cb000 	C:\WINDOWS\System32\GDI32.dll
0x00007ffd406f0000 - 0x00007ffd4081c000 	C:\WINDOWS\System32\gdi32full.dll
0x00007ffd40590000 - 0x00007ffd40633000 	C:\WINDOWS\System32\msvcp_win.dll
0x00007ffd2f440000 - 0x00007ffd2f6d4000 	C:\WINDOWS\WinSxS\amd64_microsoft.windows.common-controls_6595b64144ccf1df_6.0.26100.7019_none_3e06ffa0e335b8a8\COMCTL32.dll
0x00007ffd422e0000 - 0x00007ffd42389000 	C:\WINDOWS\System32\msvcrt.dll
0x00007ffd411f0000 - 0x00007ffd41221000 	C:\WINDOWS\System32\IMM32.DLL
0x00007ffd3ad80000 - 0x00007ffd3ad8c000 	C:\Program Files\Java\jdk-23\bin\vcruntime140_1.dll
0x00007ffcf6560000 - 0x00007ffcf65ee000 	C:\Program Files\Java\jdk-23\bin\msvcp140.dll
0x00007ffc73fc0000 - 0x00007ffc74d10000 	C:\Program Files\Java\jdk-23\bin\server\jvm.dll
0x00007ffd40da0000 - 0x00007ffd40e54000 	C:\WINDOWS\System32\ADVAPI32.dll
0x00007ffd415d0000 - 0x00007ffd41676000 	C:\WINDOWS\System32\sechost.dll
0x00007ffd41240000 - 0x00007ffd41358000 	C:\WINDOWS\System32\RPCRT4.dll
0x00007ffd41e00000 - 0x00007ffd41e74000 	C:\WINDOWS\System32\WS2_32.dll
0x00007ffd3ffb0000 - 0x00007ffd4000e000 	C:\WINDOWS\SYSTEM32\POWRPROF.dll
0x00007ffd2c920000 - 0x00007ffd2c955000 	C:\WINDOWS\SYSTEM32\WINMM.dll
0x00007ffd344b0000 - 0x00007ffd344bb000 	C:\WINDOWS\SYSTEM32\VERSION.dll
0x00007ffd3ff90000 - 0x00007ffd3ffa4000 	C:\WINDOWS\SYSTEM32\UMPDC.dll
0x00007ffd3ef10000 - 0x00007ffd3ef2b000 	C:\WINDOWS\SYSTEM32\kernel.appcore.dll
0x00007ffd315b0000 - 0x00007ffd315ba000 	C:\Program Files\Java\jdk-23\bin\jimage.dll
0x00007ffd3d8e0000 - 0x00007ffd3db22000 	C:\WINDOWS\SYSTEM32\DBGHELP.DLL
0x00007ffd41f50000 - 0x00007ffd422db000 	C:\WINDOWS\System32\combase.dll
0x00007ffd41360000 - 0x00007ffd41437000 	C:\WINDOWS\System32\OLEAUT32.dll
0x00007ffd32770000 - 0x00007ffd327ac000 	C:\WINDOWS\SYSTEM32\dbgcore.DLL
0x00007ffd40640000 - 0x00007ffd406e5000 	C:\WINDOWS\System32\bcryptPrimitives.dll
0x00007ffd23360000 - 0x00007ffd2337e000 	C:\Program Files\Java\jdk-23\bin\java.dll
0x00007ffd40fe0000 - 0x00007ffd41177000 	C:\WINDOWS\System32\ole32.dll
0x00007ffd424d0000 - 0x00007ffd42c1f000 	C:\WINDOWS\System32\SHELL32.dll
0x00007ffd40420000 - 0x00007ffd4058b000 	C:\WINDOWS\System32\wintypes.dll
0x00007ffd3ddb0000 - 0x00007ffd3e60d000 	C:\WINDOWS\SYSTEM32\windows.storage.dll
0x00007ffd42c30000 - 0x00007ffd42d22000 	C:\WINDOWS\System32\SHCORE.dll
0x00007ffd41180000 - 0x00007ffd411e7000 	C:\WINDOWS\System32\shlwapi.dll
0x00007ffd40070000 - 0x00007ffd40099000 	C:\WINDOWS\SYSTEM32\profapi.dll
0x00007ffca8700000 - 0x00007ffca87d7000 	C:\Program Files\Java\jdk-23\bin\jsvml.dll
0x00007ffca8570000 - 0x00007ffca86fe000 	C:\Program Files\Java\jdk-23\bin\awt.dll
0x00007ffd3cf20000 - 0x00007ffd3cfbf000 	C:\WINDOWS\SYSTEM32\apphelp.dll
0x00007ffd3d040000 - 0x00007ffd3d0ea000 	C:\WINDOWS\system32\uxtheme.dll
0x00007ffd40e60000 - 0x00007ffd40fbe000 	C:\WINDOWS\System32\MSCTF.dll
0x00007ffd3d2e0000 - 0x00007ffd3d310000 	C:\WINDOWS\system32\DWMAPI.DLL
0x00007ffd31ff0000 - 0x00007ffd320fc000 	C:\WINDOWS\system32\opengl32.dll
0x00007ffd343d0000 - 0x00007ffd343fd000 	C:\WINDOWS\SYSTEM32\GLU32.dll
0x00007ffd3d120000 - 0x00007ffd3d163000 	C:\WINDOWS\SYSTEM32\dxcore.dll
0x00007ffcfada0000 - 0x00007ffcfadb7000 	C:\Program Files\Java\jdk-23\bin\zip.dll

dbghelp: loaded successfully - version: 4.0.5 - missing functions: none
symbol engine: initialized successfully - sym options: 0x614 - pdb path: .;C:\Program Files\Java\jdk-23\bin;C:\WINDOWS\SYSTEM32;C:\WINDOWS\WinSxS\amd64_microsoft.windows.common-controls_6595b64144ccf1df_6.0.26100.7019_none_3e06ffa0e335b8a8;C:\Program Files\Java\jdk-23\bin\server

VM Arguments:
jvm_args: -XX:+ShowCodeDetailsInExceptionMessages 
java_command: game2048.Main
java_class_path (initial): C:\Users\acer\AppData\Roaming\Code\User\workspaceStorage\fa2e1b1765aff80ce71ef85579c0ad02\redhat.java\jdt_ws\The-Ultimate-2048-Game_c671d331\bin
Launcher Type: SUN_STANDARD

[Global flags]
     intx CICompilerCount                          = 2                                         {product} {ergonomic}
     uint ConcGCThreads                            = 1                                         {product} {ergonomic}
     uint G1ConcRefinementThreads                  = 2                                         {product} {ergonomic}
   size_t G1HeapRegionSize                         = 1048576                                   {product} {ergonomic}
   size_t InitialHeapSize                          = 65011712                                  {product} {ergonomic}
   size_t MarkStackSize                            = 4194304                                   {product} {ergonomic}
   size_t MarkStackSizeMax                         = 536870912                                 {product} {ergonomic}
   size_t MaxHeapSize                              = 1023410176                                {product} {ergonomic}
   size_t MaxNewSize                               = 613416960                                 {product} {ergonomic}
   size_t MinHeapDeltaBytes                        = 1048576                                   {product} {ergonomic}
   size_t MinHeapSize                              = 8388608                                   {product} {ergonomic}
    uintx NonNMethodCodeHeapSize                   = 5767168                                {pd product} {ergonomic}
    uintx NonProfiledCodeHeapSize                  = 123011072                              {pd product} {ergonomic}
    uintx ProfiledCodeHeapSize                     = 122880000                              {pd product} {ergonomic}
    uintx ReservedCodeCacheSize                    = 251658240                              {pd product} {ergonomic}
     bool SegmentedCodeCache                       = true                                      {product} {ergonomic}
     bool ShowCodeDetailsInExceptionMessages       = true                                   {manageable} {command line}
   size_t SoftMaxHeapSize                          = 1023410176                             {manageable} {ergonomic}
     bool UseCompressedOops                        = true                           {product lp64_product} {ergonomic}
     bool UseG1GC                                  = true                                      {product} {ergonomic}
     bool UseLargePagesIndividualAllocation        = false                                  {pd product} {ergonomic}

Logging:
Log output configuration:
 #0: stdout all=warning uptime,level,tags foldmultilines=false
 #1: stderr all=off uptime,level,tags foldmultilines=false

Environment Variables:
PATH=C:\Program Files\Common Files\Oracle\Java\javapath;C:\WINDOWS\system32;C:\WINDOWS;C:\WINDOWS\System32\Wbem;C:\WINDOWS\System32\WindowsPowerShell\v1.0\;C:\WINDOWS\System32\OpenSSH\;C:\Program Files (x86)\HP\Common\HPDestPlgIn\;C:\Program Files\dotnet\;C:\Program Files\Git\cmd;C:\Users\acer\AppData\Local\Programs\Python\Python313\Scripts\;C:\Users\acer\AppData\Local\Programs\Python\Python313\;C:\Users\acer\AppData\Local\Microsoft\WindowsApps;C:\Program Files (x86)\HP\Common\HPDestPlgIn\;C:\Users\acer\AppData\Local\Programs\Microsoft VS Code\bin;c:\Users\acer\.vscode\extensions\vscjava.vscode-java-debug-0.58.3\bundled\scripts\noConfigScripts
USERNAME=acer
LANG=en_US.UTF-8
OS=Windows_NT
PROCESSOR_IDENTIFIER=Intel64 Family 6 Model 156 Stepping 0, GenuineIntel
TMP=C:\Users\acer\AppData\Local\Temp
TEMP=C:\Users\acer\AppData\Local\Temp




Periodic native trim disabled

---------------  S Y S T E M  ---------------

OS:
 Windows 11 , 64 bit Build 26100 (10.0.26100.7019)
OS uptime: 3 days 12:57 hours

CPU: total 2 (initial active 2) (2 cores per cpu, 1 threads per core) family 6 model 156 stepping 0 microcode 0x1d, cx8, cmov, fxsr, mmx, 3dnowpref, sse, sse2, sse3, ssse3, sse4.1, sse4.2, popcnt, tsc, tscinvbit, aes, erms, clmul, sha, clflush, clflushopt, clwb, rdtscp, rdpid
Processor Information for the first 2 processors :
  Max Mhz: 1114, Current Mhz: 1114, Mhz Limit: 1114

Memory: 4k page, system-wide physical 3901M (284M free)
TotalPageFile size 15677M (AvailPageFile size 1M)
current process WorkingSet (physical memory assigned to process): 53M, peak: 53M
current process commit charge ("private bytes"): 141M, peak: 141M

vm_info: Java HotSpot(TM) 64-Bit Server VM (23.0.2+7-58) for windows-amd64 JRE (23.0.2+7-58), built on 2024-11-29T09:34:55Z with MS VC++ 17.6 (VS2022)

END.
